<?xml version="1.0" encoding="UTF-8"?>
<!-- Generated by org.testng.reporters.JUnitReportReporter -->
<testsuite skipped="0" hostname="USER-PC" name="com.google.tests.SampleTest" tests="1" failures="0" timestamp="12 Apr 2018 05:22:58 GMT" time="0.013" errors="0">
  <testcase name="testSample" time="0.013" classname="com.google.tests.SampleTest"/>
</testsuite> <!-- com.google.tests.SampleTest -->
