<?xml version="1.0" encoding="UTF-8"?>
<!-- Generated by org.testng.reporters.JUnitReportReporter -->
<testsuite skipped="0" hostname="USER-PC" name="com.google.tests.SampleTest" tests="1" failures="0" timestamp="04 Apr 2018 16:53:01 GMT" time="0.016" errors="0">
  <testcase name="testSample" time="0.016" classname="com.google.tests.SampleTest"/>
</testsuite> <!-- com.google.tests.SampleTest -->
